<?xml version="1.0" encoding="UTF-8"?>
<!-- Generated by org.testng.reporters.JUnitReportReporter -->
<testsuite hostname="Netsfere-AutoMon" failures="0" tests="1" name="Test.DIMAS_CleanUp" time="123.031" errors="0" timestamp="2021-08-13T17:07:33 IST" skipped="0">
  <testcase classname="Test.DIMAS_CleanUp" name="CleanConversations" time="123.031"/>
  <system-out/>
</testsuite> <!-- Test.DIMAS_CleanUp -->
