<?xml version="1.0" encoding="UTF-8"?>
<!-- Generated by org.testng.reporters.JUnitReportReporter -->
<testsuite hostname="Netsfere-AutoMon" failures="0" tests="1" name="Test.MRI_CleanUp" time="48.665" errors="0" timestamp="2021-08-13T16:51:44 IST" skipped="0">
  <testcase classname="Test.MRI_CleanUp" name="CleanConversations" time="48.665"/>
  <system-out/>
</testsuite> <!-- Test.MRI_CleanUp -->
