<?xml version="1.0" encoding="UTF-8"?>
<!-- Generated by org.testng.reporters.JUnitReportReporter -->
<testsuite hostname="Netsfere-Monitor" failures="0" tests="1" name="Test.AM1_CleanUp" time="78.555" errors="0" timestamp="2021-03-27T10:19:50 IST" skipped="0">
  <testcase classname="Test.AM1_CleanUp" name="CleanConversations" time="78.555"/>
  <system-out/>
</testsuite> <!-- Test.AM1_CleanUp -->
