<?xml version="1.0" encoding="UTF-8"?>
<!-- Generated by org.testng.reporters.JUnitReportReporter -->
<testsuite hostname="Netsfere-AutoMon" failures="0" tests="1" name="Test.UKF_CleanUp" time="599.315" errors="0" timestamp="2021-07-12T16:33:28 IST" skipped="0">
  <testcase classname="Test.UKF_CleanUp" name="CleanConversations" time="599.315"/>
  <system-out/>
</testsuite> <!-- Test.UKF_CleanUp -->
