<?xml version="1.0" encoding="UTF-8"?>
<!-- Generated by org.testng.reporters.JUnitReportReporter -->
<testsuite hostname="Netsfere-AutoMon" failures="0" tests="1" name="Test.EU_NcoWebClientSanity" time="4.741" errors="0" timestamp="2021-07-14T10:58:27 IST" skipped="0">
  <testcase classname="Test.EU_NcoWebClientSanity" name="Netsfere_EU_API" time="4.741"/>
  <system-out/>
</testsuite> <!-- Test.EU_NcoWebClientSanity -->
