<?xml version="1.0" encoding="UTF-8"?>
<!-- Generated by org.testng.reporters.JUnitReportReporter -->
<testsuite hostname="CV021009948" failures="0" tests="1" name="Test.NS_URLHealthCheck" time="37.863" errors="0" timestamp="2021-09-08T16:13:03 IST" skipped="0">
  <testcase classname="Test.NS_URLHealthCheck" name="Netsfere_URL_HealthCheck" time="37.863"/>
  <system-out/>
</testsuite> <!-- Test.NS_URLHealthCheck -->
