<?xml version="1.0" encoding="UTF-8"?>
<!-- Generated by org.testng.reporters.JUnitReportReporter -->
<testsuite hostname="Netsfere-AutoMon" failures="0" tests="1" name="Test.UMR_NcoWebClientSanity" time="134.605" errors="0" timestamp="2021-07-13T17:18:47 IST" skipped="0">
  <testcase classname="Test.UMR_NcoWebClientSanity" name="UMR_Netsfere_Message_Call_Check" time="134.605"/>
  <system-out>
    <![CDATA[About to begin executing following method : UMR_NcoWebClientSanity.UMR_Netsfere_Message_Call_Check
Completed executing following method : UMR_NcoWebClientSanity.UMR_Netsfere_Message_Call_Check
Test Status: ****PASSED****]]>
  </system-out>
</testsuite> <!-- Test.UMR_NcoWebClientSanity -->
