<?xml version="1.0" encoding="UTF-8"?>
<!-- Generated by org.testng.reporters.JUnitReportReporter -->
<testsuite hostname="Netsfere-AutoMon" failures="0" tests="1" name="Test.AM1_NcoWebClientSanity" time="157.937" errors="0" timestamp="2021-04-01T19:43:31 IST" skipped="0">
  <testcase classname="Test.AM1_NcoWebClientSanity" name="AM1_Netsfere_Message_Call_Check" time="157.937"/>
  <system-out/>
</testsuite> <!-- Test.AM1_NcoWebClientSanity -->
