<?xml version="1.0" encoding="UTF-8"?>
<!-- Generated by org.testng.reporters.JUnitReportReporter -->
<testsuite hostname="Netsfere-AutoMon" failures="0" tests="1" name="Test.MS2_CleanUp" time="132.638" errors="0" timestamp="2021-03-29T16:52:34 IST" skipped="0">
  <testcase classname="Test.MS2_CleanUp" name="CleanConversations" time="132.638"/>
  <system-out/>
</testsuite> <!-- Test.MS2_CleanUp -->
