<?xml version="1.0" encoding="UTF-8"?>
<!-- Generated by org.testng.reporters.JUnitReportReporter -->
<testsuite hostname="Netsfere-AutoMon" failures="0" tests="1" name="Test.ZK_CleanUp" time="60.452" errors="0" timestamp="2021-08-24T17:52:17 IST" skipped="0">
  <testcase classname="Test.ZK_CleanUp" name="CleanConversations" time="60.452"/>
  <system-out/>
</testsuite> <!-- Test.ZK_CleanUp -->
