<?xml version="1.0" encoding="UTF-8"?>
<!-- Generated by org.testng.reporters.JUnitReportReporter -->
<testsuite hostname="Netsfere-AutoMon" failures="0" tests="1" name="Test.MS1_NcoWebClientSanity" time="137.749" errors="0" timestamp="2021-03-30T10:22:40 IST" skipped="0">
  <testcase classname="Test.MS1_NcoWebClientSanity" name="Ms1_Netsfere_Message_Call_Check" time="137.749"/>
  <system-out>
    <![CDATA[About to begin executing following method : MS1_NcoWebClientSanity.Ms1_Netsfere_Message_Call_Check
Completed executing following method : MS1_NcoWebClientSanity.Ms1_Netsfere_Message_Call_Check
Test Status: ****PASSED****]]>
  </system-out>
</testsuite> <!-- Test.MS1_NcoWebClientSanity -->
