<?xml version="1.0" encoding="UTF-8"?>
<!-- Generated by org.testng.reporters.JUnitReportReporter -->
<testsuite hostname="Netsfere-AutoMon" failures="0" tests="2" name="Test.MRI_NCOWebClientSanity" time="144.007" errors="0" timestamp="2021-08-12T19:58:21 IST" skipped="0">
  <testcase classname="Test.MRI_NCOWebClientSanity" name="MRI_Netsfere_Message_Call_Check" time="71.969"/>
  <system-out/>
  <testcase classname="Test.MRI_NCOWebClientSanity" name="MRI_Netsfere_HDCall_Check" time="72.038"/>
  <system-out/>
</testsuite> <!-- Test.MRI_NCOWebClientSanity -->
