<?xml version="1.0" encoding="UTF-8"?>
<!-- Generated by org.testng.reporters.JUnitReportReporter -->
<testsuite hostname="Netsfere-AutoMon" failures="0" tests="1" name="Test.Netsfere_URL_HealthCheck" time="25.218" errors="0" timestamp="2021-07-13T17:18:47 IST" skipped="0">
  <testcase classname="Test.Netsfere_URL_HealthCheck" name="Netsfere_Url_HealthCheck" time="25.218"/>
  <system-out>
    <![CDATA[About to begin executing following method : Netsfere_URL_HealthCheck.Netsfere_Url_HealthCheck
Completed executing following method : Netsfere_URL_HealthCheck.Netsfere_Url_HealthCheck
Test Status: ****PASSED****]]>
  </system-out>
</testsuite> <!-- Test.Netsfere_URL_HealthCheck -->
