<?xml version="1.0" encoding="UTF-8"?>
<!-- Generated by org.testng.reporters.JUnitReportReporter -->
<testsuite hostname="Netsfere-AutoMon" failures="0" tests="1" name="Test.UMR_CleanUp" time="491.634" errors="0" timestamp="2021-07-12T17:17:46 IST" skipped="0">
  <testcase classname="Test.UMR_CleanUp" name="CleanConversations" time="491.634"/>
  <system-out/>
</testsuite> <!-- Test.UMR_CleanUp -->
