<?xml version="1.0" encoding="UTF-8"?>
<!-- Generated by org.testng.reporters.JUnitReportReporter -->
<testsuite hostname="CV021009948" failures="0" tests="1" name="Test.APAC_CleanUp" time="155.676" errors="0" timestamp="2021-09-02T19:54:19 IST" skipped="0">
  <testcase classname="Test.APAC_CleanUp" name="CleanConversations" time="155.676"/>
  <system-out/>
</testsuite> <!-- Test.APAC_CleanUp -->
