<?xml version="1.0" encoding="UTF-8"?>
<!-- Generated by org.testng.reporters.JUnitReportReporter -->
<testsuite hostname="CV021009948" failures="0" tests="1" name="Test.EU_CleanUp" time="169.027" errors="0" timestamp="2021-09-03T10:26:48 IST" skipped="0">
  <testcase classname="Test.EU_CleanUp" name="CleanConversations" time="169.027"/>
  <system-out/>
</testsuite> <!-- Test.EU_CleanUp -->
