<?xml version="1.0" encoding="UTF-8"?>
<!-- Generated by org.testng.reporters.JUnitReportReporter -->
<testsuite hostname="Netsfere-AutoMon" failures="0" tests="2" name="Test.MS2_NcoWebClientSanity" time="184.888" errors="0" timestamp="2021-07-08T14:35:48 IST" skipped="0">
  <testcase classname="Test.MS2_NcoWebClientSanity" name="Netsfere_URL_HealthCheck" time="21.811"/>
  <system-out/>
  <testcase classname="Test.MS2_NcoWebClientSanity" name="MS2_Netsfere_Message_Call_Check" time="163.077"/>
  <system-out/>
</testsuite> <!-- Test.MS2_NcoWebClientSanity -->
