<?xml version="1.0" encoding="UTF-8"?>
<!-- Generated by org.testng.reporters.JUnitReportReporter -->
<testsuite hostname="Netsfere-Monitor" failures="0" tests="1" name="Test.MS1_CleanUp" time="159.639" errors="0" timestamp="2021-03-27T10:58:27 IST" skipped="0">
  <testcase classname="Test.MS1_CleanUp" name="CleanConversations" time="159.639"/>
  <system-out/>
</testsuite> <!-- Test.MS1_CleanUp -->
